<?xml version="1.0" encoding="UTF-8"?>
<!-- Generated by org.testng.reporters.JUnitXMLReporter -->
<testsuite ignored="0" hostname="Sanjeev" failures="0" tests="5" name="Test" time="33.608" errors="0" timestamp="2024-02-27T20:12:29 IST">
  <testcase classname="tests.SecondTest" name="secondTest" time="0.012"/>
  <testcase classname="tests.FourthTest" name="fourthTest" time="0.004"/>
  <testcase classname="tests.ThirdTest" name="thirdTest" time="0.002"/>
  <testcase classname="tests.LoginTest" name="login" time="5.664"/>
  <testcase classname="tests.LoginTest" name="login" time="17.256"/>
</testsuite> <!-- Test -->
